[debug] [2024-04-05T18:06:08.621Z] ----------------------------------------------------------------------
[debug] [2024-04-05T18:06:08.625Z] Command:       C:\Program Files\nodejs\node.exe C:\Users\MHN NTB 0088\AppData\Roaming\npm\node_modules\firebase-tools\lib\bin\firebase.js init hosting
[debug] [2024-04-05T18:06:08.626Z] CLI Version:   13.7.0
[debug] [2024-04-05T18:06:08.626Z] Platform:      win32
[debug] [2024-04-05T18:06:08.626Z] Node Version:  v20.11.1
[debug] [2024-04-05T18:06:08.626Z] Time:          Sat Apr 06 2024 02:06:08 GMT+0800 (Malaysia Time)
[debug] [2024-04-05T18:06:08.626Z] ----------------------------------------------------------------------
[debug] 
[debug] [2024-04-05T18:06:08.746Z] > command requires scopes: ["email","openid","https://www.googleapis.com/auth/cloudplatformprojects.readonly","https://www.googleapis.com/auth/firebase","https://www.googleapis.com/auth/cloud-platform"]
[debug] [2024-04-05T18:06:08.747Z] > authorizing via signed-in user (ramdanthaqif@gmail.com)
[info] 
     ######## #### ########  ######## ########     ###     ######  ########
     ##        ##  ##     ## ##       ##     ##  ##   ##  ##       ##
     ######    ##  ########  ######   ########  #########  ######  ######
     ##        ##  ##    ##  ##       ##     ## ##     ##       ## ##
     ##       #### ##     ## ######## ########  ##     ##  ######  ########

You're about to initialize a Firebase project in this directory:

  C:\Users\MHN NTB 0088\action-github

Before we get started, keep in mind:

  * You are initializing within an existing Firebase project directory

[info] 
=== Project Setup
[info] 
[info] First, let's associate this project directory with a Firebase project.
[info] You can create multiple project aliases by running firebase use --add, 
[info] but for now we'll just set up a default project.
[info] 
[debug] [2024-04-05T18:06:19.276Z] Using project from CLI flag: fireship-lessons
[debug] [2024-04-05T18:06:19.283Z] >>> [apiv2][query] GET https://firebase.googleapis.com/v1beta1/projects/fireship-lessons [none]
[debug] [2024-04-05T18:06:19.889Z] <<< [apiv2][status] GET https://firebase.googleapis.com/v1beta1/projects/fireship-lessons 403
[debug] [2024-04-05T18:06:19.889Z] <<< [apiv2][body] GET https://firebase.googleapis.com/v1beta1/projects/fireship-lessons {"error":{"code":403,"message":"The caller does not have permission","status":"PERMISSION_DENIED"}}
[debug] [2024-04-05T18:06:19.890Z] HTTP Error: 403, The caller does not have permission
[debug] [2024-04-05T18:06:19.976Z] FirebaseError: HTTP Error: 403, The caller does not have permission
    at responseToError (C:\Users\MHN NTB 0088\AppData\Roaming\npm\node_modules\firebase-tools\lib\responseToError.js:49:12)
    at RetryOperation._fn (C:\Users\MHN NTB 0088\AppData\Roaming\npm\node_modules\firebase-tools\lib\apiv2.js:299:77)
    at process.processTicksAndRejections (node:internal/process/task_queues:95:5)
[error] 
[error] Error: Failed to get Firebase project fireship-lessons. Please make sure the project exists and your account has permission to access it.
[debug] [2024-04-05T18:31:07.579Z] ----------------------------------------------------------------------
[debug] [2024-04-05T18:31:07.581Z] Command:       C:\Program Files\nodejs\node.exe C:\Users\MHN NTB 0088\AppData\Roaming\npm\node_modules\firebase-tools\lib\bin\firebase.js init
[debug] [2024-04-05T18:31:07.581Z] CLI Version:   13.7.1
[debug] [2024-04-05T18:31:07.582Z] Platform:      win32
[debug] [2024-04-05T18:31:07.582Z] Node Version:  v20.11.1
[debug] [2024-04-05T18:31:07.582Z] Time:          Sat Apr 06 2024 02:31:07 GMT+0800 (Malaysia Time)
[debug] [2024-04-05T18:31:07.582Z] ----------------------------------------------------------------------
[debug] 
[debug] [2024-04-05T18:31:07.655Z] > command requires scopes: ["email","openid","https://www.googleapis.com/auth/cloudplatformprojects.readonly","https://www.googleapis.com/auth/firebase","https://www.googleapis.com/auth/cloud-platform"]
[debug] [2024-04-05T18:31:07.656Z] > authorizing via signed-in user (ramdanthaqif@gmail.com)
[info] 
     ######## #### ########  ######## ########     ###     ######  ########
     ##        ##  ##     ## ##       ##     ##  ##   ##  ##       ##
     ######    ##  ########  ######   ########  #########  ######  ######
     ##        ##  ##    ##  ##       ##     ## ##     ##       ## ##
     ##       #### ##     ## ######## ########  ##     ##  ######  ########

You're about to initialize a Firebase project in this directory:

  C:\Users\MHN NTB 0088\action-github

Before we get started, keep in mind:

  * You are initializing within an existing Firebase project directory

[info] 
=== Project Setup
[info] 
[info] First, let's associate this project directory with a Firebase project.
[info] You can create multiple project aliases by running firebase use --add, 
[info] but for now we'll just set up a default project.
[info] 
[debug] [2024-04-05T18:31:13.539Z] Using project from CLI flag: fireship-lessons
[debug] [2024-04-05T18:31:13.542Z] >>> [apiv2][query] GET https://firebase.googleapis.com/v1beta1/projects/fireship-lessons [none]
[debug] [2024-04-05T18:31:13.984Z] <<< [apiv2][status] GET https://firebase.googleapis.com/v1beta1/projects/fireship-lessons 403
[debug] [2024-04-05T18:31:13.984Z] <<< [apiv2][body] GET https://firebase.googleapis.com/v1beta1/projects/fireship-lessons {"error":{"code":403,"message":"The caller does not have permission","status":"PERMISSION_DENIED"}}
[debug] [2024-04-05T18:31:13.985Z] HTTP Error: 403, The caller does not have permission
[debug] [2024-04-05T18:31:14.049Z] FirebaseError: HTTP Error: 403, The caller does not have permission
    at responseToError (C:\Users\MHN NTB 0088\AppData\Roaming\npm\node_modules\firebase-tools\lib\responseToError.js:49:12)
    at RetryOperation._fn (C:\Users\MHN NTB 0088\AppData\Roaming\npm\node_modules\firebase-tools\lib\apiv2.js:299:77)
    at process.processTicksAndRejections (node:internal/process/task_queues:95:5)
[error] 
[error] Error: Failed to get Firebase project fireship-lessons. Please make sure the project exists and your account has permission to access it.
[debug] [2024-04-05T18:31:50.849Z] ----------------------------------------------------------------------
[debug] [2024-04-05T18:31:50.851Z] Command:       C:\Program Files\nodejs\node.exe C:\Users\MHN NTB 0088\AppData\Roaming\npm\node_modules\firebase-tools\lib\bin\firebase.js init hosting
[debug] [2024-04-05T18:31:50.852Z] CLI Version:   13.7.1
[debug] [2024-04-05T18:31:50.852Z] Platform:      win32
[debug] [2024-04-05T18:31:50.852Z] Node Version:  v20.11.1
[debug] [2024-04-05T18:31:50.852Z] Time:          Sat Apr 06 2024 02:31:50 GMT+0800 (Malaysia Time)
[debug] [2024-04-05T18:31:50.852Z] ----------------------------------------------------------------------
[debug] 
[debug] [2024-04-05T18:31:50.919Z] > command requires scopes: ["email","openid","https://www.googleapis.com/auth/cloudplatformprojects.readonly","https://www.googleapis.com/auth/firebase","https://www.googleapis.com/auth/cloud-platform"]
[debug] [2024-04-05T18:31:50.920Z] > authorizing via signed-in user (ramdanthaqif@gmail.com)
[info] 
     ######## #### ########  ######## ########     ###     ######  ########
     ##        ##  ##     ## ##       ##     ##  ##   ##  ##       ##
     ######    ##  ########  ######   ########  #########  ######  ######
     ##        ##  ##    ##  ##       ##     ## ##     ##       ## ##
     ##       #### ##     ## ######## ########  ##     ##  ######  ########

You're about to initialize a Firebase project in this directory:

  C:\Users\MHN NTB 0088\action-github

Before we get started, keep in mind:

  * You are initializing within an existing Firebase project directory

[info] 
=== Project Setup
[info] 
[info] First, let's associate this project directory with a Firebase project.
[info] You can create multiple project aliases by running firebase use --add, 
[info] but for now we'll just set up a default project.
[info] 
[debug] [2024-04-05T18:31:52.837Z] Using project from CLI flag: fireship-lessons
[debug] [2024-04-05T18:31:52.841Z] >>> [apiv2][query] GET https://firebase.googleapis.com/v1beta1/projects/fireship-lessons [none]
[debug] [2024-04-05T18:31:53.473Z] <<< [apiv2][status] GET https://firebase.googleapis.com/v1beta1/projects/fireship-lessons 403
[debug] [2024-04-05T18:31:53.473Z] <<< [apiv2][body] GET https://firebase.googleapis.com/v1beta1/projects/fireship-lessons {"error":{"code":403,"message":"The caller does not have permission","status":"PERMISSION_DENIED"}}
[debug] [2024-04-05T18:31:53.473Z] HTTP Error: 403, The caller does not have permission
[debug] [2024-04-05T18:31:53.532Z] FirebaseError: HTTP Error: 403, The caller does not have permission
    at responseToError (C:\Users\MHN NTB 0088\AppData\Roaming\npm\node_modules\firebase-tools\lib\responseToError.js:49:12)
    at RetryOperation._fn (C:\Users\MHN NTB 0088\AppData\Roaming\npm\node_modules\firebase-tools\lib\apiv2.js:299:77)
    at process.processTicksAndRejections (node:internal/process/task_queues:95:5)
[error] 
[error] Error: Failed to get Firebase project fireship-lessons. Please make sure the project exists and your account has permission to access it.
[debug] [2024-04-05T18:32:22.622Z] ----------------------------------------------------------------------
[debug] [2024-04-05T18:32:22.625Z] Command:       C:\Program Files\nodejs\node.exe C:\Users\MHN NTB 0088\AppData\Roaming\npm\node_modules\firebase-tools\lib\bin\firebase.js init hosting
[debug] [2024-04-05T18:32:22.625Z] CLI Version:   13.7.1
[debug] [2024-04-05T18:32:22.625Z] Platform:      win32
[debug] [2024-04-05T18:32:22.625Z] Node Version:  v20.11.1
[debug] [2024-04-05T18:32:22.626Z] Time:          Sat Apr 06 2024 02:32:22 GMT+0800 (Malaysia Time)
[debug] [2024-04-05T18:32:22.626Z] ----------------------------------------------------------------------
[debug] 
[debug] [2024-04-05T18:32:22.689Z] > command requires scopes: ["email","openid","https://www.googleapis.com/auth/cloudplatformprojects.readonly","https://www.googleapis.com/auth/firebase","https://www.googleapis.com/auth/cloud-platform"]
[debug] [2024-04-05T18:32:22.690Z] > authorizing via signed-in user (ramdanthaqif@gmail.com)
[info] 
     ######## #### ########  ######## ########     ###     ######  ########
     ##        ##  ##     ## ##       ##     ##  ##   ##  ##       ##
     ######    ##  ########  ######   ########  #########  ######  ######
     ##        ##  ##    ##  ##       ##     ## ##     ##       ## ##
     ##       #### ##     ## ######## ########  ##     ##  ######  ########

You're about to initialize a Firebase project in this directory:

  C:\Users\MHN NTB 0088\action-github

Before we get started, keep in mind:

  * You are initializing within an existing Firebase project directory

[info] 
=== Project Setup
[info] 
[info] First, let's associate this project directory with a Firebase project.
[info] You can create multiple project aliases by running firebase use --add, 
[info] but for now we'll just set up a default project.
[info] 
[debug] [2024-04-05T18:32:24.704Z] Using project from CLI flag: fireship-lessons
[debug] [2024-04-05T18:32:24.709Z] >>> [apiv2][query] GET https://firebase.googleapis.com/v1beta1/projects/fireship-lessons [none]
[debug] [2024-04-05T18:32:25.379Z] <<< [apiv2][status] GET https://firebase.googleapis.com/v1beta1/projects/fireship-lessons 403
[debug] [2024-04-05T18:32:25.379Z] <<< [apiv2][body] GET https://firebase.googleapis.com/v1beta1/projects/fireship-lessons {"error":{"code":403,"message":"The caller does not have permission","status":"PERMISSION_DENIED"}}
[debug] [2024-04-05T18:32:25.379Z] HTTP Error: 403, The caller does not have permission
[debug] [2024-04-05T18:32:25.435Z] FirebaseError: HTTP Error: 403, The caller does not have permission
    at responseToError (C:\Users\MHN NTB 0088\AppData\Roaming\npm\node_modules\firebase-tools\lib\responseToError.js:49:12)
    at RetryOperation._fn (C:\Users\MHN NTB 0088\AppData\Roaming\npm\node_modules\firebase-tools\lib\apiv2.js:299:77)
    at process.processTicksAndRejections (node:internal/process/task_queues:95:5)
[error] 
[error] Error: Failed to get Firebase project fireship-lessons. Please make sure the project exists and your account has permission to access it.
[debug] [2024-04-05T18:40:12.683Z] ----------------------------------------------------------------------
[debug] [2024-04-05T18:40:12.687Z] Command:       C:\Program Files\nodejs\node.exe C:\Users\MHN NTB 0088\AppData\Roaming\npm\node_modules\firebase-tools\lib\bin\firebase.js deploy --only hosting
[debug] [2024-04-05T18:40:12.687Z] CLI Version:   13.7.1
[debug] [2024-04-05T18:40:12.688Z] Platform:      win32
[debug] [2024-04-05T18:40:12.688Z] Node Version:  v20.11.1
[debug] [2024-04-05T18:40:12.688Z] Time:          Sat Apr 06 2024 02:40:12 GMT+0800 (Malaysia Time)
[debug] [2024-04-05T18:40:12.688Z] ----------------------------------------------------------------------
[debug] 
[debug] [2024-04-05T18:40:12.774Z] > command requires scopes: ["email","openid","https://www.googleapis.com/auth/cloudplatformprojects.readonly","https://www.googleapis.com/auth/firebase","https://www.googleapis.com/auth/cloud-platform"]
[debug] [2024-04-05T18:40:12.775Z] > authorizing via signed-in user (ramdanthaqif@gmail.com)
[debug] [2024-04-05T18:40:12.775Z] [iam] checking project fireship-lessons for permissions ["firebase.projects.get","firebasehosting.sites.update"]
[debug] [2024-04-05T18:40:12.778Z] >>> [apiv2][query] POST https://cloudresourcemanager.googleapis.com/v1/projects/fireship-lessons:testIamPermissions [none]
[debug] [2024-04-05T18:40:12.778Z] >>> [apiv2][(partial)header] POST https://cloudresourcemanager.googleapis.com/v1/projects/fireship-lessons:testIamPermissions x-goog-quota-user=projects/fireship-lessons
[debug] [2024-04-05T18:40:12.779Z] >>> [apiv2][body] POST https://cloudresourcemanager.googleapis.com/v1/projects/fireship-lessons:testIamPermissions {"permissions":["firebase.projects.get","firebasehosting.sites.update"]}
[debug] [2024-04-05T18:40:14.023Z] <<< [apiv2][status] POST https://cloudresourcemanager.googleapis.com/v1/projects/fireship-lessons:testIamPermissions 200
[debug] [2024-04-05T18:40:14.023Z] <<< [apiv2][body] POST https://cloudresourcemanager.googleapis.com/v1/projects/fireship-lessons:testIamPermissions {}
[debug] [2024-04-05T18:40:14.023Z] [iam] error while checking permissions, command may fail: FirebaseError: Authorization failed. This account is missing the following required permissions on project fireship-lessons:

  firebase.projects.get
  firebasehosting.sites.update
[debug] [2024-04-05T18:40:14.023Z] >>> [apiv2][query] GET https://firebase.googleapis.com/v1beta1/projects/fireship-lessons [none]
[debug] [2024-04-05T18:40:14.470Z] <<< [apiv2][status] GET https://firebase.googleapis.com/v1beta1/projects/fireship-lessons 403
[debug] [2024-04-05T18:40:14.470Z] <<< [apiv2][body] GET https://firebase.googleapis.com/v1beta1/projects/fireship-lessons {"error":{"code":403,"message":"The caller does not have permission","status":"PERMISSION_DENIED"}}
[debug] [2024-04-05T18:40:14.471Z] HTTP Error: 403, The caller does not have permission
[error] 
[error] Error: Assertion failed: resolving hosting target of a site with no site name or target name. This should have caused an error earlier
[debug] [2024-04-05T18:43:19.233Z] ----------------------------------------------------------------------
[debug] [2024-04-05T18:43:19.235Z] Command:       C:\Program Files\nodejs\node.exe C:\Users\MHN NTB 0088\AppData\Roaming\npm\node_modules\firebase-tools\lib\bin\firebase.js deploy --only hosting
[debug] [2024-04-05T18:43:19.235Z] CLI Version:   13.7.1
[debug] [2024-04-05T18:43:19.235Z] Platform:      win32
[debug] [2024-04-05T18:43:19.236Z] Node Version:  v20.11.1
[debug] [2024-04-05T18:43:19.236Z] Time:          Sat Apr 06 2024 02:43:19 GMT+0800 (Malaysia Time)
[debug] [2024-04-05T18:43:19.236Z] ----------------------------------------------------------------------
[debug] 
[debug] [2024-04-05T18:43:19.330Z] > command requires scopes: ["email","openid","https://www.googleapis.com/auth/cloudplatformprojects.readonly","https://www.googleapis.com/auth/firebase","https://www.googleapis.com/auth/cloud-platform"]
[debug] [2024-04-05T18:43:19.331Z] > authorizing via signed-in user (ramdanthaqif@gmail.com)
[debug] [2024-04-05T18:43:19.331Z] [iam] checking project fireship-lessons for permissions ["firebase.projects.get","firebasehosting.sites.update"]
[debug] [2024-04-05T18:43:19.334Z] >>> [apiv2][query] POST https://cloudresourcemanager.googleapis.com/v1/projects/fireship-lessons:testIamPermissions [none]
[debug] [2024-04-05T18:43:19.334Z] >>> [apiv2][(partial)header] POST https://cloudresourcemanager.googleapis.com/v1/projects/fireship-lessons:testIamPermissions x-goog-quota-user=projects/fireship-lessons
[debug] [2024-04-05T18:43:19.335Z] >>> [apiv2][body] POST https://cloudresourcemanager.googleapis.com/v1/projects/fireship-lessons:testIamPermissions {"permissions":["firebase.projects.get","firebasehosting.sites.update"]}
[debug] [2024-04-05T18:43:20.641Z] <<< [apiv2][status] POST https://cloudresourcemanager.googleapis.com/v1/projects/fireship-lessons:testIamPermissions 200
[debug] [2024-04-05T18:43:20.642Z] <<< [apiv2][body] POST https://cloudresourcemanager.googleapis.com/v1/projects/fireship-lessons:testIamPermissions {}
[debug] [2024-04-05T18:43:20.642Z] [iam] error while checking permissions, command may fail: FirebaseError: Authorization failed. This account is missing the following required permissions on project fireship-lessons:

  firebase.projects.get
  firebasehosting.sites.update
[debug] [2024-04-05T18:43:20.643Z] >>> [apiv2][query] GET https://firebase.googleapis.com/v1beta1/projects/fireship-lessons [none]
[debug] [2024-04-05T18:43:21.165Z] <<< [apiv2][status] GET https://firebase.googleapis.com/v1beta1/projects/fireship-lessons 403
[debug] [2024-04-05T18:43:21.165Z] <<< [apiv2][body] GET https://firebase.googleapis.com/v1beta1/projects/fireship-lessons {"error":{"code":403,"message":"The caller does not have permission","status":"PERMISSION_DENIED"}}
[debug] [2024-04-05T18:43:21.166Z] HTTP Error: 403, The caller does not have permission
[error] 
[error] Error: Assertion failed: resolving hosting target of a site with no site name or target name. This should have caused an error earlier
