[debug] [2024-04-05T18:28:54.901Z] ----------------------------------------------------------------------
[debug] [2024-04-05T18:28:54.904Z] Command:       C:\Program Files\nodejs\node.exe C:\Users\MHN NTB 0088\AppData\Roaming\npm\node_modules\firebase-tools\lib\bin\firebase.js init
[debug] [2024-04-05T18:28:54.904Z] CLI Version:   13.7.1
[debug] [2024-04-05T18:28:54.904Z] Platform:      win32
[debug] [2024-04-05T18:28:54.904Z] Node Version:  v20.11.1
[debug] [2024-04-05T18:28:54.904Z] Time:          Sat Apr 06 2024 02:28:54 GMT+0800 (Malaysia Time)
[debug] [2024-04-05T18:28:54.904Z] ----------------------------------------------------------------------
[debug] 
[debug] [2024-04-05T18:28:54.968Z] > command requires scopes: ["email","openid","https://www.googleapis.com/auth/cloudplatformprojects.readonly","https://www.googleapis.com/auth/firebase","https://www.googleapis.com/auth/cloud-platform"]
[debug] [2024-04-05T18:28:54.969Z] > authorizing via signed-in user (ramdanthaqif@gmail.com)
[info] 
     ######## #### ########  ######## ########     ###     ######  ########
     ##        ##  ##     ## ##       ##     ##  ##   ##  ##       ##
     ######    ##  ########  ######   ########  #########  ######  ######
     ##        ##  ##    ##  ##       ##     ## ##     ##       ## ##
     ##       #### ##     ## ######## ########  ##     ##  ######  ########

You're about to initialize a Firebase project in this directory:

  C:\Users\MHN NTB 0088\action-github

Before we get started, keep in mind:

  * You are initializing within an existing Firebase project directory

[info] 
=== Project Setup
[info] 
[info] First, let's associate this project directory with a Firebase project.
[info] You can create multiple project aliases by running firebase use --add, 
[info] but for now we'll just set up a default project.
[info] 
[debug] [2024-04-05T18:29:04.198Z] Using project from CLI flag: fireship-lessons
[debug] [2024-04-05T18:29:04.200Z] >>> [apiv2][query] GET https://firebase.googleapis.com/v1beta1/projects/fireship-lessons [none]
[debug] [2024-04-05T18:29:04.895Z] <<< [apiv2][status] GET https://firebase.googleapis.com/v1beta1/projects/fireship-lessons 403
[debug] [2024-04-05T18:29:04.895Z] <<< [apiv2][body] GET https://firebase.googleapis.com/v1beta1/projects/fireship-lessons {"error":{"code":403,"message":"The caller does not have permission","status":"PERMISSION_DENIED"}}
[debug] [2024-04-05T18:29:04.896Z] HTTP Error: 403, The caller does not have permission
[debug] [2024-04-05T18:29:04.972Z] FirebaseError: HTTP Error: 403, The caller does not have permission
    at responseToError (C:\Users\MHN NTB 0088\AppData\Roaming\npm\node_modules\firebase-tools\lib\responseToError.js:49:12)
    at RetryOperation._fn (C:\Users\MHN NTB 0088\AppData\Roaming\npm\node_modules\firebase-tools\lib\apiv2.js:299:77)
    at process.processTicksAndRejections (node:internal/process/task_queues:95:5)
[error] 
[error] Error: Failed to get Firebase project fireship-lessons. Please make sure the project exists and your account has permission to access it.
